============================= test session starts ==============================
platform linux -- Python 3.11.14, pytest-9.0.3, pluggy-1.6.0 -- /config/workspace/IronOps/.claude/worktrees/agent-aa1bd635dd1ba3d99/.venv/bin/python3
cachedir: .pytest_cache
rootdir: /config/workspace/IronOps/.claude/worktrees/agent-aa1bd635dd1ba3d99
configfile: pyproject.toml
testpaths: tests
plugins: cov-7.1.0
collecting ... collected 105 items

tests/cli/test_cli.py::test_cli_help_lists_all_commands PASSED           [  0%]
tests/cli/test_cli.py::test_cli_version_prints_version_and_sha PASSED    [  1%]
tests/cli/test_cli.py::test_cli_build_help_exposes_flags PASSED          [  2%]
tests/cli/test_cli.py::test_cli_build_bad_manifest_exits_with_categorical_code PASSED [  3%]
tests/cli/test_cli.py::test_cli_build_dry_run_happy_path PASSED          [  4%]
tests/cli/test_cli.py::test_cli_no_interactive_input_required PASSED     [  5%]
tests/integration/test_atomicity.py::test_render_failure_leaves_marketplace_unchanged PASSED [  6%]
tests/integration/test_atomicity.py::test_validate_failure_leaves_marketplace_unchanged PASSED [  7%]
tests/integration/test_atomicity.py::test_metadata_failure_leaves_marketplace_unchanged PASSED [  8%]
tests/integration/test_atomicity.py::test_clone_failure_leaves_marketplace_unchanged PASSED [  9%]
tests/integration/test_atomicity.py::test_no_partial_marketplace_write_on_failure PASSED [ 10%]
tests/integration/test_golden_output.py::test_golden_snapshot_matches SKIPPEDon manifest (requires upstream access) creates it) [ 11%]
tests/integration/test_golden_output.py::test_golden_file_count_matches_summary SKIPPEDon manifest (requires upstream access) creates it) [ 12%]
tests/integration/test_negative.py::test_bad_manifest_fails_with_categorical_code[bad-schema] PASSED [ 13%]
tests/integration/test_negative.py::test_bad_manifest_fails_with_categorical_code[bad-empty-imports] PASSED [ 14%]
tests/integration/test_negative.py::test_bad_manifest_fails_with_categorical_code[bad-self-overwrite] PASSED [ 15%]
tests/integration/test_negative.py::test_bad_manifest_fails_with_categorical_code[bad-path-escape] PASSED [ 16%]
tests/integration/test_negative.py::test_bad_manifest_fails_with_categorical_code[bad-hook-kind] PASSED [ 17%]
tests/integration/test_negative.py::test_orphan_command_fails_with_co_import_missing PASSED [ 18%]
tests/integration/test_negative.py::test_failure_emits_one_line_stderr_summary PASSED [ 19%]
tests/integration/test_pipeline.py::test_pipeline_dry_run_happy_path PASSED [ 20%]
tests/integration/test_pipeline.py::test_pipeline_emits_all_four_generated_files PASSED [ 20%]
tests/integration/test_pipeline.py::test_pipeline_validator_failure_aborts_publish PASSED [ 21%]
tests/integration/test_pipeline.py::test_pipeline_publish_message_format PASSED [ 22%]
tests/integration/test_pipeline.py::test_pipeline_stage_timing_recorded PASSED [ 23%]
tests/integration/test_pipeline.py::test_pipeline_deterministic_excluding_built_at PASSED [ 24%]
tests/unit/test_errors.py::test_exit_code_enum_values_distinct PASSED    [ 25%]
tests/unit/test_errors.py::test_builder_error_subclasses_set_code[MANIFEST_INVALID] PASSED [ 26%]
tests/unit/test_errors.py::test_builder_error_subclasses_set_code[UNRESOLVED_IMPORT] PASSED [ 27%]
tests/unit/test_errors.py::test_builder_error_subclasses_set_code[CO_IMPORT_MISSING] PASSED [ 28%]
tests/unit/test_errors.py::test_builder_error_subclasses_set_code[VALIDATE_FAILED] PASSED [ 29%]
tests/unit/test_errors.py::test_builder_error_subclasses_set_code[PATH_ESCAPE] PASSED [ 30%]
tests/unit/test_errors.py::test_builder_error_subclasses_set_code[UPSTREAM_CLONE_FAILED] PASSED [ 31%]
tests/unit/test_errors.py::test_builder_error_subclasses_set_code[SELF_OVERWRITE] PASSED [ 32%]
tests/unit/test_errors.py::test_builder_error_subclasses_set_code[BUILDER_DIRTY_TREE] PASSED [ 33%]
tests/unit/test_errors.py::test_builder_error_subclasses_set_code[PUBLISH_FAILED] PASSED [ 34%]
tests/unit/test_errors.py::test_format_failure_single_line[MANIFEST_INVALID] PASSED [ 35%]
tests/unit/test_errors.py::test_format_failure_single_line[UNRESOLVED_IMPORT] PASSED [ 36%]
tests/unit/test_errors.py::test_format_failure_single_line[CO_IMPORT_MISSING] PASSED [ 37%]
tests/unit/test_errors.py::test_format_failure_single_line[VALIDATE_FAILED] PASSED [ 38%]
tests/unit/test_errors.py::test_format_failure_single_line[PATH_ESCAPE] PASSED [ 39%]
tests/unit/test_errors.py::test_format_failure_single_line[UPSTREAM_CLONE_FAILED] PASSED [ 40%]
tests/unit/test_errors.py::test_format_failure_single_line[SELF_OVERWRITE] PASSED [ 40%]
tests/unit/test_errors.py::test_format_failure_single_line[BUILDER_DIRTY_TREE] PASSED [ 41%]
tests/unit/test_errors.py::test_format_failure_single_line[PUBLISH_FAILED] PASSED [ 42%]
tests/unit/test_errors.py::test_format_failure_includes_code_string[MANIFEST_INVALID] PASSED [ 43%]
tests/unit/test_errors.py::test_format_failure_includes_code_string[UNRESOLVED_IMPORT] PASSED [ 44%]
tests/unit/test_errors.py::test_format_failure_includes_code_string[CO_IMPORT_MISSING] PASSED [ 45%]
tests/unit/test_errors.py::test_format_failure_includes_code_string[VALIDATE_FAILED] PASSED [ 46%]
tests/unit/test_errors.py::test_format_failure_includes_code_string[PATH_ESCAPE] PASSED [ 47%]
tests/unit/test_errors.py::test_format_failure_includes_code_string[UPSTREAM_CLONE_FAILED] PASSED [ 48%]
tests/unit/test_errors.py::test_format_failure_includes_code_string[SELF_OVERWRITE] PASSED [ 49%]
tests/unit/test_errors.py::test_format_failure_includes_code_string[BUILDER_DIRTY_TREE] PASSED [ 50%]
tests/unit/test_errors.py::test_format_failure_includes_code_string[PUBLISH_FAILED] PASSED [ 51%]
tests/unit/test_manifest.py::test_good_manifest_loads PASSED             [ 52%]
tests/unit/test_manifest.py::test_schema_version_negative[v999] PASSED   [ 53%]
tests/unit/test_manifest.py::test_schema_version_negative[dotted-1.0] PASSED [ 54%]
tests/unit/test_manifest.py::test_schema_version_negative[dotted-1.x] PASSED [ 55%]
tests/unit/test_manifest.py::test_schema_version_negative[int-1] PASSED  [ 56%]
tests/unit/test_manifest.py::test_schema_version_missing PASSED          [ 57%]
tests/unit/test_manifest.py::test_empty_imports_rejected PASSED          [ 58%]
tests/unit/test_manifest.py::test_missing_imports_key_rejected PASSED    [ 59%]
tests/unit/test_manifest.py::test_self_overwrite_rejected[.claude-plugin/plugin.json] PASSED [ 60%]
tests/unit/test_manifest.py::test_self_overwrite_rejected[META.json] PASSED [ 60%]
tests/unit/test_manifest.py::test_self_overwrite_rejected[THIRD_PARTY_LICENSES.md] PASSED [ 61%]
tests/unit/test_manifest.py::test_hook_kind_rejected PASSED              [ 62%]
tests/unit/test_manifest.py::test_unknown_source_id_rejected PASSED      [ 63%]
tests/unit/test_manifest.py::test_non_kebab_plugin_name_rejected PASSED  [ 64%]
tests/unit/test_manifest.py::test_raw_sha256_recorded PASSED             [ 65%]
tests/unit/test_manifest.py::test_missing_file_rejected PASSED           [ 66%]
tests/unit/test_metadata.py::test_plugin_json_omits_version PASSED       [ 67%]
tests/unit/test_metadata.py::test_plugin_json_required_keys PASSED       [ 68%]
tests/unit/test_metadata.py::test_meta_json_schema_version_string_1 PASSED [ 69%]
tests/unit/test_metadata.py::test_meta_json_built_at_iso8601_utc PASSED  [ 70%]
tests/unit/test_metadata.py::test_meta_json_builder_version_is_40_hex PASSED [ 71%]
tests/unit/test_metadata.py::test_meta_json_manifest_sha256_matches PASSED [ 72%]
tests/unit/test_metadata.py::test_meta_json_sources_imports_fanout PASSED [ 73%]
tests/unit/test_metadata.py::test_meta_json_summary_counts PASSED        [ 74%]
tests/unit/test_metadata.py::test_third_party_licenses_references_upstream PASSED [ 75%]
tests/unit/test_metadata.py::test_third_party_licenses_per_file_mapping PASSED [ 76%]
tests/unit/test_metadata.py::test_marketplace_json_single_plugin PASSED  [ 77%]
tests/unit/test_metadata.py::test_marketplace_json_source_path PASSED    [ 78%]
tests/unit/test_metadata.py::test_resolve_builder_version_fails_on_dirty_tree PASSED [ 79%]
tests/unit/test_render.py::test_single_file_emits_one_rendered_file PASSED [ 80%]
tests/unit/test_render.py::test_directory_import_expands_fanout PASSED   [ 80%]
tests/unit/test_render.py::test_byte_identical_copy PASSED               [ 81%]
tests/unit/test_render.py::test_co_import_command_with_skill_passes PASSED [ 82%]
tests/unit/test_render.py::test_co_import_command_without_skill_fails PASSED [ 83%]
tests/unit/test_render.py::test_co_import_skill_without_command_warns PASSED [ 84%]
tests/unit/test_render.py::test_path_escape_in_to_field_rejected[dotdot] PASSED [ 85%]
tests/unit/test_render.py::test_path_escape_in_to_field_rejected[absolute-unix] PASSED [ 86%]
tests/unit/test_render.py::test_unresolved_import_raises PASSED          [ 87%]
tests/unit/test_render.py::test_path_safety_allows_claude_plugin_root PASSED [ 88%]
tests/unit/test_render.py::test_deterministic_ordering PASSED            [ 89%]
tests/unit/test_sources.py::test_no_hardcoded_main_or_master_in_module_source PASSED [ 90%]
tests/unit/test_sources.py::test_resolve_default_branch_parses_symref PASSED [ 91%]
tests/unit/test_sources.py::test_resolve_default_branch_fails_when_no_symref PASSED [ 92%]
tests/unit/test_sources.py::test_shallow_clone_uses_depth_1 PASSED       [ 93%]
tests/unit/test_sources.py::test_resolve_sha_returns_40_hex PASSED       [ 94%]
tests/unit/test_sources.py::test_resolve_sha_rejects_invalid PASSED      [ 95%]
tests/unit/test_sources.py::test_clone_failure_raises PASSED             [ 96%]
tests/unit/test_sources.py::test_clean_working_tree_passes_when_empty PASSED [ 97%]
tests/unit/test_sources.py::test_clean_working_tree_raises_when_dirty PASSED [ 98%]
tests/unit/test_sources.py::test_clone_sources_records_resolved_sha PASSED [ 99%]
tests/unit/test_sources.py::test_ref_and_sha_mutex PASSED                [100%]

======================== 103 passed, 2 skipped in 0.28s ========================
