============================= test session starts ==============================
platform linux -- Python 3.11.14, pytest-9.0.3, pluggy-1.6.0 -- /config/workspace/IronOps/.claude/worktrees/agent-aa1bd635dd1ba3d99/.venv/bin/python3
cachedir: .pytest_cache
rootdir: /config/workspace/IronOps/.claude/worktrees/agent-aa1bd635dd1ba3d99
configfile: pyproject.toml
plugins: cov-7.1.0
collecting ... collected 79 items

tests/unit/test_errors.py::test_exit_code_enum_values_distinct PASSED    [  1%]
tests/unit/test_errors.py::test_builder_error_subclasses_set_code[MANIFEST_INVALID] PASSED [  2%]
tests/unit/test_errors.py::test_builder_error_subclasses_set_code[UNRESOLVED_IMPORT] PASSED [  3%]
tests/unit/test_errors.py::test_builder_error_subclasses_set_code[CO_IMPORT_MISSING] PASSED [  5%]
tests/unit/test_errors.py::test_builder_error_subclasses_set_code[VALIDATE_FAILED] PASSED [  6%]
tests/unit/test_errors.py::test_builder_error_subclasses_set_code[PATH_ESCAPE] PASSED [  7%]
tests/unit/test_errors.py::test_builder_error_subclasses_set_code[UPSTREAM_CLONE_FAILED] PASSED [  8%]
tests/unit/test_errors.py::test_builder_error_subclasses_set_code[SELF_OVERWRITE] PASSED [ 10%]
tests/unit/test_errors.py::test_builder_error_subclasses_set_code[BUILDER_DIRTY_TREE] PASSED [ 11%]
tests/unit/test_errors.py::test_builder_error_subclasses_set_code[PUBLISH_FAILED] PASSED [ 12%]
tests/unit/test_errors.py::test_format_failure_single_line[MANIFEST_INVALID] PASSED [ 13%]
tests/unit/test_errors.py::test_format_failure_single_line[UNRESOLVED_IMPORT] PASSED [ 15%]
tests/unit/test_errors.py::test_format_failure_single_line[CO_IMPORT_MISSING] PASSED [ 16%]
tests/unit/test_errors.py::test_format_failure_single_line[VALIDATE_FAILED] PASSED [ 17%]
tests/unit/test_errors.py::test_format_failure_single_line[PATH_ESCAPE] PASSED [ 18%]
tests/unit/test_errors.py::test_format_failure_single_line[UPSTREAM_CLONE_FAILED] PASSED [ 20%]
tests/unit/test_errors.py::test_format_failure_single_line[SELF_OVERWRITE] PASSED [ 21%]
tests/unit/test_errors.py::test_format_failure_single_line[BUILDER_DIRTY_TREE] PASSED [ 22%]
tests/unit/test_errors.py::test_format_failure_single_line[PUBLISH_FAILED] PASSED [ 24%]
tests/unit/test_errors.py::test_format_failure_includes_code_string[MANIFEST_INVALID] PASSED [ 25%]
tests/unit/test_errors.py::test_format_failure_includes_code_string[UNRESOLVED_IMPORT] PASSED [ 26%]
tests/unit/test_errors.py::test_format_failure_includes_code_string[CO_IMPORT_MISSING] PASSED [ 27%]
tests/unit/test_errors.py::test_format_failure_includes_code_string[VALIDATE_FAILED] PASSED [ 29%]
tests/unit/test_errors.py::test_format_failure_includes_code_string[PATH_ESCAPE] PASSED [ 30%]
tests/unit/test_errors.py::test_format_failure_includes_code_string[UPSTREAM_CLONE_FAILED] PASSED [ 31%]
tests/unit/test_errors.py::test_format_failure_includes_code_string[SELF_OVERWRITE] PASSED [ 32%]
tests/unit/test_errors.py::test_format_failure_includes_code_string[BUILDER_DIRTY_TREE] PASSED [ 34%]
tests/unit/test_errors.py::test_format_failure_includes_code_string[PUBLISH_FAILED] PASSED [ 35%]
tests/unit/test_manifest.py::test_good_manifest_loads PASSED             [ 36%]
tests/unit/test_manifest.py::test_schema_version_negative[v999] PASSED   [ 37%]
tests/unit/test_manifest.py::test_schema_version_negative[dotted-1.0] PASSED [ 39%]
tests/unit/test_manifest.py::test_schema_version_negative[dotted-1.x] PASSED [ 40%]
tests/unit/test_manifest.py::test_schema_version_negative[int-1] PASSED  [ 41%]
tests/unit/test_manifest.py::test_schema_version_missing PASSED          [ 43%]
tests/unit/test_manifest.py::test_empty_imports_rejected PASSED          [ 44%]
tests/unit/test_manifest.py::test_missing_imports_key_rejected PASSED    [ 45%]
tests/unit/test_manifest.py::test_self_overwrite_rejected[.claude-plugin/plugin.json] PASSED [ 46%]
tests/unit/test_manifest.py::test_self_overwrite_rejected[META.json] PASSED [ 48%]
tests/unit/test_manifest.py::test_self_overwrite_rejected[THIRD_PARTY_LICENSES.md] PASSED [ 49%]
tests/unit/test_manifest.py::test_hook_kind_rejected PASSED              [ 50%]
tests/unit/test_manifest.py::test_unknown_source_id_rejected PASSED      [ 51%]
tests/unit/test_manifest.py::test_non_kebab_plugin_name_rejected PASSED  [ 53%]
tests/unit/test_manifest.py::test_raw_sha256_recorded PASSED             [ 54%]
tests/unit/test_manifest.py::test_missing_file_rejected PASSED           [ 55%]
tests/unit/test_metadata.py::test_plugin_json_omits_version PASSED       [ 56%]
tests/unit/test_metadata.py::test_plugin_json_required_keys PASSED       [ 58%]
tests/unit/test_metadata.py::test_meta_json_schema_version_string_1 PASSED [ 59%]
tests/unit/test_metadata.py::test_meta_json_built_at_iso8601_utc PASSED  [ 60%]
tests/unit/test_metadata.py::test_meta_json_builder_version_is_40_hex PASSED [ 62%]
tests/unit/test_metadata.py::test_meta_json_manifest_sha256_matches PASSED [ 63%]
tests/unit/test_metadata.py::test_meta_json_sources_imports_fanout PASSED [ 64%]
tests/unit/test_metadata.py::test_meta_json_summary_counts PASSED        [ 65%]
tests/unit/test_metadata.py::test_third_party_licenses_references_upstream PASSED [ 67%]
tests/unit/test_metadata.py::test_third_party_licenses_per_file_mapping PASSED [ 68%]
tests/unit/test_metadata.py::test_marketplace_json_single_plugin PASSED  [ 69%]
tests/unit/test_metadata.py::test_marketplace_json_source_path PASSED    [ 70%]
tests/unit/test_metadata.py::test_resolve_builder_version_fails_on_dirty_tree PASSED [ 72%]
tests/unit/test_render.py::test_single_file_emits_one_rendered_file PASSED [ 73%]
tests/unit/test_render.py::test_directory_import_expands_fanout PASSED   [ 74%]
tests/unit/test_render.py::test_byte_identical_copy PASSED               [ 75%]
tests/unit/test_render.py::test_co_import_command_with_skill_passes PASSED [ 77%]
tests/unit/test_render.py::test_co_import_command_without_skill_fails PASSED [ 78%]
tests/unit/test_render.py::test_co_import_skill_without_command_warns PASSED [ 79%]
tests/unit/test_render.py::test_path_escape_in_to_field_rejected[dotdot] PASSED [ 81%]
tests/unit/test_render.py::test_path_escape_in_to_field_rejected[absolute-unix] PASSED [ 82%]
tests/unit/test_render.py::test_unresolved_import_raises PASSED          [ 83%]
tests/unit/test_render.py::test_path_safety_allows_claude_plugin_root PASSED [ 84%]
tests/unit/test_render.py::test_deterministic_ordering PASSED            [ 86%]
tests/unit/test_sources.py::test_no_hardcoded_main_or_master_in_module_source PASSED [ 87%]
tests/unit/test_sources.py::test_resolve_default_branch_parses_symref PASSED [ 88%]
tests/unit/test_sources.py::test_resolve_default_branch_fails_when_no_symref PASSED [ 89%]
tests/unit/test_sources.py::test_shallow_clone_uses_depth_1 PASSED       [ 91%]
tests/unit/test_sources.py::test_resolve_sha_returns_40_hex PASSED       [ 92%]
tests/unit/test_sources.py::test_resolve_sha_rejects_invalid PASSED      [ 93%]
tests/unit/test_sources.py::test_clone_failure_raises PASSED             [ 94%]
tests/unit/test_sources.py::test_clean_working_tree_passes_when_empty PASSED [ 96%]
tests/unit/test_sources.py::test_clean_working_tree_raises_when_dirty PASSED [ 97%]
tests/unit/test_sources.py::test_clone_sources_records_resolved_sha PASSED [ 98%]
tests/unit/test_sources.py::test_ref_and_sha_mutex PASSED                [100%]

============================== 79 passed in 0.13s ==============================
